
Showing logs for build [32mcb-kubecd-environment-pr-124-23-ckq5b-1[0m stage [32mfrom-build-pack[0m and container [32mstep-credential-initializer-j9lkk[0m
{"level":"warn","ts":1578361189.216028,"logger":"fallback-logger","caller":"logging/config.go:69","msg":"Fetch GitHub commit ID from kodata failed: \"ref: refs/heads/0.8.0-**-support-backwards-incompats\" is not a valid GitHub commit ID"}
{"level":"info","ts":1578361189.2167358,"logger":"fallback-logger","caller":"creds-init/main.go:40","msg":"Credentials initialized."}

Showing logs for build [32mcb-kubecd-environment-pr-124-23-ckq5b-1[0m stage [32mfrom-build-pack[0m and container [32mstep-working-dir-initializer-lc2mn[0m
{"level":"warn","ts":1578361190.7893856,"logger":"fallback-logger","caller":"logging/config.go:69","msg":"Fetch GitHub commit ID from kodata failed: open /var/run/ko/HEAD: no such file or directory"}
{"level":"info","ts":1578361190.7927716,"logger":"fallback-logger","caller":"bash/main.go:64","msg":"Successfully executed command \"sh -c mkdir -p /workspace/source\"; output "}

Showing logs for build [32mcb-kubecd-environment-pr-124-23-ckq5b-1[0m stage [32mfrom-build-pack[0m and container [32mstep-place-tools[0m

Showing logs for build [32mcb-kubecd-environment-pr-124-23-ckq5b-1[0m stage [32mfrom-build-pack[0m and container [32mstep-git-source-cb-kubecd-environment-pr-124-23-5h7t8[0m
{"level":"warn","ts":1578361194.9464293,"logger":"fallback-logger","caller":"logging/config.go:69","msg":"Fetch GitHub commit ID from kodata failed: \"ref: refs/heads/0.8.0-**-support-backwards-incompats\" is not a valid GitHub commit ID"}
{"level":"info","ts":1578361196.0966535,"logger":"fallback-logger","caller":"git/git.go:103","msg":"Successfully cloned https://github.com/cb-kubecd/environment-pr-124-23-boot-gke-staging.git @ master in path /workspace/source"}

Showing logs for build [32mcb-kubecd-environment-pr-124-23-ckq5b-1[0m stage [32mfrom-build-pack[0m and container [32mstep-git-merge[0m
Using SHAs from PULL_REFS=master:1819e3ec0e5e883b8428f8e28b6508080dc0e0b6,5:d35594201dd76ea8d6f47abe652685f0f03bea28
DEBUG: ran git fetch --unshallow origin d35594201dd76ea8d6f47abe652685f0f03bea28: 1819e3ec0e5e883b8428f8e28b6508080dc0e0b6: in 
DEBUG: ran git checkout master in 
DEBUG: ran git reset --hard 1819e3ec0e5e883b8428f8e28b6508080dc0e0b6 in 
DEBUG: ran clean --force -d . in 
DEBUG: ran git merge d35594201dd76ea8d6f47abe652685f0f03bea28 in 
Merged SHA d35594201dd76ea8d6f47abe652685f0f03bea28 with commit message 'chore: Promote bdd-sbrp-import-1578360859 to version 0.0.1' into base branch master

Showing logs for build [32mcb-kubecd-environment-pr-124-23-ckq5b-1[0m stage [32mfrom-build-pack[0m and container [32mstep-build-helm-build[0m
WARNING: No $CHART_REPOSITORY defined so using the default value of: http://jenkins-x-chartmuseum:8080
Adding missing Helm repo: storage.googleapis.com https://storage.googleapis.com/chartmuseum.jenkins-x.io
WARNING: No secrets found on "helm/repos" due: reading the secret "helm/repos" from vault: no secret "helm/repos" not found in vault
Read credentials for https://storage.googleapis.com/chartmuseum.jenkins-x.io from vault helm/repos
Successfully added Helm repository storage.googleapis.com.
Adding missing Helm repo: jenkins-x-chartmuseum http://jenkins-x-chartmuseum:8080
WARNING: No secrets found on "helm/repos" due: reading the secret "helm/repos" from vault: no secret "helm/repos" not found in vault
Read credentials for http://jenkins-x-chartmuseum:8080 from vault helm/repos
Successfully added Helm repository jenkins-x-chartmuseum.
WARNING: No $CHART_REPOSITORY defined so using the default value of: http://jenkins-x-chartmuseum:8080
Adding missing Helm repo: chartmuseum.jenkins-x.io http://chartmuseum.jenkins-x.io
WARNING: No secrets found on "helm/repos" due: reading the secret "helm/repos" from vault: no secret "helm/repos" not found in vault
Read credentials for http://chartmuseum.jenkins-x.io from vault helm/repos
Successfully added Helm repository chartmuseum.jenkins-x.io.
