
Showing logs for build [32mcb-kubecd-environment-pr-124-23-nv4z5-1[0m stage [32mfrom-build-pack[0m and container [32mstep-credential-initializer-599vm[0m
{"level":"warn","ts":1578360464.151118,"logger":"fallback-logger","caller":"logging/config.go:69","msg":"Fetch GitHub commit ID from kodata failed: \"ref: refs/heads/0.8.0-**-support-backwards-incompats\" is not a valid GitHub commit ID"}
{"level":"info","ts":1578360464.1733947,"logger":"fallback-logger","caller":"creds-init/main.go:40","msg":"Credentials initialized."}

Showing logs for build [32mcb-kubecd-environment-pr-124-23-nv4z5-1[0m stage [32mfrom-build-pack[0m and container [32mstep-working-dir-initializer-zx4p6[0m
{"level":"warn","ts":1578360465.6600504,"logger":"fallback-logger","caller":"logging/config.go:69","msg":"Fetch GitHub commit ID from kodata failed: open /var/run/ko/HEAD: no such file or directory"}
{"level":"info","ts":1578360465.7144744,"logger":"fallback-logger","caller":"bash/main.go:64","msg":"Successfully executed command \"sh -c mkdir -p /workspace/source\"; output "}

Showing logs for build [32mcb-kubecd-environment-pr-124-23-nv4z5-1[0m stage [32mfrom-build-pack[0m and container [32mstep-place-tools[0m

Showing logs for build [32mcb-kubecd-environment-pr-124-23-nv4z5-1[0m stage [32mfrom-build-pack[0m and container [32mstep-git-source-cb-kubecd-environment-pr-124-23-mxjbj[0m
{"level":"warn","ts":1578360469.5148745,"logger":"fallback-logger","caller":"logging/config.go:69","msg":"Fetch GitHub commit ID from kodata failed: \"ref: refs/heads/0.8.0-**-support-backwards-incompats\" is not a valid GitHub commit ID"}
{"level":"info","ts":1578360470.6063268,"logger":"fallback-logger","caller":"git/git.go:103","msg":"Successfully cloned https://github.com/cb-kubecd/environment-pr-124-23-boot-gke-staging.git @ master in path /workspace/source"}

Showing logs for build [32mcb-kubecd-environment-pr-124-23-nv4z5-1[0m stage [32mfrom-build-pack[0m and container [32mstep-git-merge[0m
Using SHAs from PULL_REFS=master:efb9251cdd432346f6f50a0c0ef040c7aee7f06b,4:4571e5ccdc4071d0631ec12c57f3b93458587f63
DEBUG: ran git fetch --unshallow origin 4571e5ccdc4071d0631ec12c57f3b93458587f63: efb9251cdd432346f6f50a0c0ef040c7aee7f06b: in 
DEBUG: ran git checkout master in 
DEBUG: ran git reset --hard efb9251cdd432346f6f50a0c0ef040c7aee7f06b in 
DEBUG: ran clean --force -d . in 
DEBUG: ran git merge 4571e5ccdc4071d0631ec12c57f3b93458587f63 in 
Merged SHA 4571e5ccdc4071d0631ec12c57f3b93458587f63 with commit message 'chore: Promote bdd-nh-1578358670 to version 0.0.1' into base branch master

Showing logs for build [32mcb-kubecd-environment-pr-124-23-nv4z5-1[0m stage [32mfrom-build-pack[0m and container [32mstep-build-helm-build[0m
WARNING: No $CHART_REPOSITORY defined so using the default value of: http://jenkins-x-chartmuseum:8080
Adding missing Helm repo: storage.googleapis.com https://storage.googleapis.com/chartmuseum.jenkins-x.io
WARNING: No secrets found on "helm/repos" due: reading the secret "helm/repos" from vault: no secret "helm/repos" not found in vault
Read credentials for https://storage.googleapis.com/chartmuseum.jenkins-x.io from vault helm/repos
Successfully added Helm repository storage.googleapis.com.
Adding missing Helm repo: jenkins-x-chartmuseum http://jenkins-x-chartmuseum:8080
WARNING: No secrets found on "helm/repos" due: reading the secret "helm/repos" from vault: no secret "helm/repos" not found in vault
Read credentials for http://jenkins-x-chartmuseum:8080 from vault helm/repos
Successfully added Helm repository jenkins-x-chartmuseum.
WARNING: No $CHART_REPOSITORY defined so using the default value of: http://jenkins-x-chartmuseum:8080
Adding missing Helm repo: chartmuseum.jenkins-x.io http://chartmuseum.jenkins-x.io
WARNING: No secrets found on "helm/repos" due: reading the secret "helm/repos" from vault: no secret "helm/repos" not found in vault
Read credentials for http://chartmuseum.jenkins-x.io from vault helm/repos
Successfully added Helm repository chartmuseum.jenkins-x.io.
