
Showing logs for build [32mcb-kubecd-environment-pr-124-23-w5c2r-1[0m stage [32mfrom-build-pack[0m and container [32mstep-credential-initializer-t8tzj[0m
{"level":"warn","ts":1578362527.9706404,"logger":"fallback-logger","caller":"logging/config.go:69","msg":"Fetch GitHub commit ID from kodata failed: \"ref: refs/heads/0.8.0-**-support-backwards-incompats\" is not a valid GitHub commit ID"}
{"level":"info","ts":1578362527.9715009,"logger":"fallback-logger","caller":"creds-init/main.go:40","msg":"Credentials initialized."}

Showing logs for build [32mcb-kubecd-environment-pr-124-23-w5c2r-1[0m stage [32mfrom-build-pack[0m and container [32mstep-working-dir-initializer-4tm4g[0m
{"level":"warn","ts":1578362529.4059494,"logger":"fallback-logger","caller":"logging/config.go:69","msg":"Fetch GitHub commit ID from kodata failed: open /var/run/ko/HEAD: no such file or directory"}
{"level":"info","ts":1578362529.4071903,"logger":"fallback-logger","caller":"bash/main.go:64","msg":"Successfully executed command \"sh -c mkdir -p /workspace/source\"; output "}

Showing logs for build [32mcb-kubecd-environment-pr-124-23-w5c2r-1[0m stage [32mfrom-build-pack[0m and container [32mstep-place-tools[0m

Showing logs for build [32mcb-kubecd-environment-pr-124-23-w5c2r-1[0m stage [32mfrom-build-pack[0m and container [32mstep-git-source-cb-kubecd-environment-pr-124-23-fg7mj[0m
{"level":"warn","ts":1578362537.0409565,"logger":"fallback-logger","caller":"logging/config.go:69","msg":"Fetch GitHub commit ID from kodata failed: \"ref: refs/heads/0.8.0-**-support-backwards-incompats\" is not a valid GitHub commit ID"}
{"level":"info","ts":1578362538.5852485,"logger":"fallback-logger","caller":"git/git.go:103","msg":"Successfully cloned https://github.com/cb-kubecd/environment-pr-124-23-boot-gke-staging.git @ master in path /workspace/source"}

Showing logs for build [32mcb-kubecd-environment-pr-124-23-w5c2r-1[0m stage [32mfrom-build-pack[0m and container [32mstep-git-merge[0m
Using SHAs from PULL_REFS=master:c7d107e6f86c202a473bcd1639f9bea7349c2cbe,8:e5f347b60a0fc1f57c2efa58d31cad3ea1d8811d
DEBUG: ran git fetch --unshallow origin e5f347b60a0fc1f57c2efa58d31cad3ea1d8811d: c7d107e6f86c202a473bcd1639f9bea7349c2cbe: in 
DEBUG: ran git checkout master in 
DEBUG: ran git reset --hard c7d107e6f86c202a473bcd1639f9bea7349c2cbe in 
DEBUG: ran clean --force -d . in 
DEBUG: ran git merge e5f347b60a0fc1f57c2efa58d31cad3ea1d8811d in 
Merged SHA e5f347b60a0fc1f57c2efa58d31cad3ea1d8811d with commit message 'chore: Promote bdd-sbhg-import-1578360859 to version 0.0.1' into base branch master

Showing logs for build [32mcb-kubecd-environment-pr-124-23-w5c2r-1[0m stage [32mfrom-build-pack[0m and container [32mstep-build-helm-build[0m
WARNING: No $CHART_REPOSITORY defined so using the default value of: http://jenkins-x-chartmuseum:8080
Adding missing Helm repo: storage.googleapis.com https://storage.googleapis.com/chartmuseum.jenkins-x.io
WARNING: No secrets found on "helm/repos" due: reading the secret "helm/repos" from vault: no secret "helm/repos" not found in vault
Read credentials for https://storage.googleapis.com/chartmuseum.jenkins-x.io from vault helm/repos
Successfully added Helm repository storage.googleapis.com.
Adding missing Helm repo: jenkins-x-chartmuseum http://jenkins-x-chartmuseum:8080
WARNING: No secrets found on "helm/repos" due: reading the secret "helm/repos" from vault: no secret "helm/repos" not found in vault
Read credentials for http://jenkins-x-chartmuseum:8080 from vault helm/repos
Successfully added Helm repository jenkins-x-chartmuseum.
WARNING: No $CHART_REPOSITORY defined so using the default value of: http://jenkins-x-chartmuseum:8080
Adding missing Helm repo: chartmuseum.jenkins-x.io http://chartmuseum.jenkins-x.io
WARNING: No secrets found on "helm/repos" due: reading the secret "helm/repos" from vault: no secret "helm/repos" not found in vault
Read credentials for http://chartmuseum.jenkins-x.io from vault helm/repos
Successfully added Helm repository chartmuseum.jenkins-x.io.
